<?xml version="1.0" encoding="UTF-8"?>
<!-- Generated by org.testng.reporters.JUnitReportReporter -->
<testsuite hostname="DESKTOP-O3G7EKS" failures="0" tests="7" name="task_1.test" time="0.025" errors="0" timestamp="2024-04-17T16:47:50 IDT" skipped="0">
  <testcase classname="task_1.test" name="multiplicationTest" time="0.002"/>
  <system-out/>
  <testcase classname="task_1.test" name="powerTest" time="0.001"/>
  <system-out/>
  <testcase classname="task_1.test" name="squareRootTest" time="0.002"/>
  <system-out/>
  <testcase classname="task_1.test" name="primeTest" time="0.004"/>
  <system-out/>
  <testcase classname="task_1.test" name="addTest" time="0.014"/>
  <system-out/>
  <testcase classname="task_1.test" name="divideTest" time="0.001"/>
  <system-out/>
  <testcase classname="task_1.test" name="subtractTest" time="0.001"/>
  <system-out/>
</testsuite> <!-- task_1.test -->
